<?xml version="1.0" encoding="UTF-8"?>
<testsuite name="VisitorTest" tests="1" skipped="0" failures="0" errors="0" timestamp="2020-01-17T14:33:56" hostname="ngwako-Inspiron-15-3567" time="0.011">
  <properties/>
  <testcase name="save()" classname="VisitorTest" time="0.011"/>
  <system-out><![CDATA[]]></system-out>
  <system-err><![CDATA[]]></system-err>
</testsuite>
